<Event xmlns="http://schemas.microsoft.com/win/2004/08/events/event"><System><Provider Name="Microsoft-Windows-Security-Auditing" Guid="{54849625-5478-4994-A5BA-3E3B0328C30D}"/><EventID>4624</EventID><Version>2</Version><Level>0</Level><Task>12544</Task><Opcode>0</Opcode><Keywords>0x8020000000000000</Keywords><TimeCreated SystemTime="2026-04-28T14:35:00.123456Z"/><EventRecordID>987654321</EventRecordID><Correlation ActivityID="{A1B2C3D4-E5F6-7890-ABCD-EF1234567890}"/><Execution ProcessID="636" ThreadID="4820"/><Channel>Security</Channel><Computer>DC01.corp.local</Computer><Security/></System><EventData><Data Name="SubjectUserSid">S-1-5-18</Data><Data Name="SubjectUserName">SYSTEM</Data><Data Name="SubjectDomainName">NT AUTHORITY</Data><Data Name="SubjectLogonId">0x3e7</Data><Data Name="TargetUserSid">S-1-5-21-1234567890-987654321-111222333-1001</Data><Data Name="TargetUserName">jsmith</Data><Data Name="TargetDomainName">CORP</Data><Data Name="TargetLogonId">0x12345678</Data><Data Name="LogonType">10</Data><Data Name="LogonProcessName">User32</Data><Data Name="AuthenticationPackageName">Negotiate</Data><Data Name="WorkstationName">WORKSTATION01</Data><Data Name="LogonGuid">{B2C3D4E5-F678-9012-3456-789ABCDEF012}</Data><Data Name="TransmittedServices">-</Data><Data Name="LmPackageName">-</Data><Data Name="KeyLength">0</Data><Data Name="ProcessId">0x1234</Data><Data Name="ProcessName">C:\Windows\System32\svchost.exe</Data><Data Name="IpAddress">192.168.1.105</Data><Data Name="IpPort">54321</Data><Data Name="ImpersonationLevel">%%1833</Data><Data Name="RestrictedAdminMode">-</Data><Data Name="TargetOutboundUserName">-</Data><Data Name="TargetOutboundDomainName">-</Data><Data Name="VirtualAccount">%%1843</Data><Data Name="TargetLinkedLogonId">0x0</Data><Data Name="ElevatedToken">%%1842</Data></EventData></Event>
<Event xmlns="http://schemas.microsoft.com/win/2004/08/events/event"><System><Provider Name="Microsoft-Windows-Security-Auditing" Guid="{54849625-5478-4994-A5BA-3E3B0328C30D}"/><EventID>4625</EventID><Version>0</Version><Level>0</Level><Task>12544</Task><Opcode>0</Opcode><Keywords>0x8010000000000000</Keywords><TimeCreated SystemTime="2026-04-28T14:36:15.987654Z"/><EventRecordID>987654322</EventRecordID><Correlation/><Execution ProcessID="636" ThreadID="4820"/><Channel>Security</Channel><Computer>DC01.corp.local</Computer><Security/></System><EventData><Data Name="SubjectUserSid">S-1-0-0</Data><Data Name="SubjectUserName">-</Data><Data Name="SubjectDomainName">-</Data><Data Name="SubjectLogonId">0x0</Data><Data Name="TargetUserSid">S-1-0-0</Data><Data Name="TargetUserName">administrator</Data><Data Name="TargetDomainName">CORP</Data><Data Name="Status">0xc000006d</Data><Data Name="FailureReason">%%2313</Data><Data Name="SubStatus">0xc000006a</Data><Data Name="LogonType">3</Data><Data Name="LogonProcessName">NtLmSsp</Data><Data Name="AuthenticationPackageName">NTLM</Data><Data Name="WorkstationName">ATTACKER01</Data><Data Name="TransmittedServices">-</Data><Data Name="LmPackageName">-</Data><Data Name="KeyLength">0</Data><Data Name="ProcessId">0x0</Data><Data Name="ProcessName">-</Data><Data Name="IpAddress">203.0.113.45</Data><Data Name="IpPort">0</Data></EventData></Event>
<Event xmlns="http://schemas.microsoft.com/win/2004/08/events/event"><System><Provider Name="Microsoft-Windows-Security-Auditing" Guid="{54849625-5478-4994-A5BA-3E3B0328C30D}"/><EventID>4688</EventID><Version>2</Version><Level>0</Level><Task>13312</Task><Opcode>0</Opcode><Keywords>0x8020000000000000</Keywords><TimeCreated SystemTime="2026-04-28T14:37:30.456789Z"/><EventRecordID>987654323</EventRecordID><Correlation/><Execution ProcessID="4" ThreadID="88"/><Channel>Security</Channel><Computer>WORKSTATION01.corp.local</Computer><Security/></System><EventData><Data Name="SubjectUserSid">S-1-5-21-1234567890-987654321-111222333-1001</Data><Data Name="SubjectUserName">jsmith</Data><Data Name="SubjectDomainName">CORP</Data><Data Name="SubjectLogonId">0x12345678</Data><Data Name="NewProcessId">0x1a2b</Data><Data Name="NewProcessName">C:\Windows\System32\cmd.exe</Data><Data Name="TokenElevationType">%%1936</Data><Data Name="ProcessId">0x1234</Data><Data Name="CommandLine">cmd.exe /c whoami /all</Data><Data Name="TargetUserSid">S-1-0-0</Data><Data Name="TargetUserName">-</Data><Data Name="TargetDomainName">-</Data><Data Name="TargetLogonId">0x0</Data><Data Name="ParentProcessName">C:\Windows\explorer.exe</Data><Data Name="MandatoryLabel">S-1-16-8192</Data></EventData></Event>
<Event xmlns="http://schemas.microsoft.com/win/2004/08/events/event"><System><Provider Name="Microsoft-Windows-Security-Auditing" Guid="{54849625-5478-4994-A5BA-3E3B0328C30D}"/><EventID>4672</EventID><Version>0</Version><Level>0</Level><Task>12548</Task><Opcode>0</Opcode><Keywords>0x8020000000000000</Keywords><TimeCreated SystemTime="2026-04-28T14:38:00.111222Z"/><EventRecordID>987654324</EventRecordID><Correlation/><Execution ProcessID="636" ThreadID="4820"/><Channel>Security</Channel><Computer>DC01.corp.local</Computer><Security/></System><EventData><Data Name="SubjectUserSid">S-1-5-21-1234567890-987654321-111222333-500</Data><Data Name="SubjectUserName">Administrator</Data><Data Name="SubjectDomainName">CORP</Data><Data Name="SubjectLogonId">0xABCDEF01</Data><Data Name="PrivilegeList">SeSecurityPrivilege SeBackupPrivilege SeRestorePrivilege SeTakeOwnershipPrivilege SeDebugPrivilege SeSystemEnvironmentPrivilege SeLoadDriverPrivilege SeImpersonatePrivilege SeDelegateSessionUserImpersonatePrivilege SeEnableDelegationPrivilege</Data></EventData></Event>
<Event xmlns="http://schemas.microsoft.com/win/2004/08/events/event"><System><Provider Name="Microsoft-Windows-Security-Auditing" Guid="{54849625-5478-4994-A5BA-3E3B0328C30D}"/><EventID>4720</EventID><Version>0</Version><Level>0</Level><Task>13824</Task><Opcode>0</Opcode><Keywords>0x8020000000000000</Keywords><TimeCreated SystemTime="2026-04-28T14:39:00.333444Z"/><EventRecordID>987654325</EventRecordID><Correlation/><Execution ProcessID="636" ThreadID="4820"/><Channel>Security</Channel><Computer>DC01.corp.local</Computer><Security/></System><EventData><Data Name="TargetUserName">newuser</Data><Data Name="TargetDomainName">CORP</Data><Data Name="TargetSid">S-1-5-21-1234567890-987654321-111222333-1105</Data><Data Name="SubjectUserSid">S-1-5-21-1234567890-987654321-111222333-500</Data><Data Name="SubjectUserName">Administrator</Data><Data Name="SubjectDomainName">CORP</Data><Data Name="SubjectLogonId">0xABCDEF01</Data><Data Name="PrivilegeList">-</Data><Data Name="SamAccountName">newuser</Data><Data Name="DisplayName">New User Account</Data><Data Name="UserPrincipalName">newuser@corp.local</Data><Data Name="HomeDirectory">-</Data><Data Name="HomePath">-</Data><Data Name="ScriptPath">-</Data><Data Name="ProfilePath">-</Data><Data Name="UserWorkstations">-</Data><Data Name="PasswordLastSet">-</Data><Data Name="AccountExpires">%%1794</Data><Data Name="PrimaryGroupId">513</Data><Data Name="AllowedToDelegateTo">-</Data><Data Name="OldUacValue">0x0</Data><Data Name="NewUacValue">0x15</Data><Data Name="UserAccountControl">%%2080 %%2082 %%2084</Data><Data Name="UserParameters">-</Data><Data Name="SidHistory">-</Data><Data Name="LogonHours">%%1793</Data></EventData></Event>
<Event xmlns="http://schemas.microsoft.com/win/2004/08/events/event"><System><Provider Name="Microsoft-Windows-Security-Auditing" Guid="{54849625-5478-4994-A5BA-3E3B0328C30D}"/><EventID>4732</EventID><Version>0</Version><Level>0</Level><Task>13826</Task><Opcode>0</Opcode><Keywords>0x8020000000000000</Keywords><TimeCreated SystemTime="2026-04-28T14:39:30.555666Z"/><EventRecordID>987654326</EventRecordID><Correlation/><Execution ProcessID="636" ThreadID="4820"/><Channel>Security</Channel><Computer>DC01.corp.local</Computer><Security/></System><EventData><Data Name="MemberName">CN=newuser,CN=Users,DC=corp,DC=local</Data><Data Name="MemberSid">S-1-5-21-1234567890-987654321-111222333-1105</Data><Data Name="TargetUserName">Administrators</Data><Data Name="TargetDomainName">Builtin</Data><Data Name="TargetSid">S-1-5-32-544</Data><Data Name="SubjectUserSid">S-1-5-21-1234567890-987654321-111222333-500</Data><Data Name="SubjectUserName">Administrator</Data><Data Name="Su<Event xmlns="http://schemas.microsoft.com/win/LogonId">0xABCDEF01</Data><Data Name="PrivilegeList">-</Data></EventData></Event>
<Event xmlns="http://schemas.microsoft.com/win/2004/08/events/event"><System><Provider Name="Microsoft-Windows-Security-Auditing" Guid="{54849625-5478-4994-A5BA-3E3B0328C30D}"/><EventID>1102</EventID><Version>0</Version><Level>0</Level><Task>104</Task><Opcode>0</Opcode><Keywords>0x4020000000000000</Keywords><TimeCreated SystemTime="2026-04-28T14:40:00.777888Z"/><EventRecordID>987654327</EventRecordID><Correlation/><Execution ProcessID="636" ThreadID="4820"/><Channel>Security</Channel><Computer>DC01.corp.local</Computer><Security/></System><UserData><LogFileCleared xmlns="http://manifests.microsoft.com/win/2004/08/windows/eventlog"><SubjectUserSid>S-1-5-21-1234567890-987654321-111222333-500</SubjectUserSid><SubjectUserName>attacker</SubjectUserName><SubjectDomainName>CORP</SubjectDomainName><SubjectLogonId>0xDEADBEEF</SubjectLogonId></LogFileCleared></UserData></Event>
